09-08-19 10:17:50 [ERROR] com.tdt.unicom.sgip.svr.UnicomSPMonitor - launch local server error!
java.net.BindException: Address already in use: JVM_Bind
	at java.net.PlainSocketImpl.socketBind(Native Method)
	at java.net.PlainSocketImpl.bind(PlainSocketImpl.java:359)
	at java.net.ServerSocket.bind(ServerSocket.java:319)
	at java.net.ServerSocket.<init>(ServerSocket.java:185)
	at java.net.ServerSocket.<init>(ServerSocket.java:97)
	at javax.net.DefaultServerSocketFactory.createServerSocket(ServerSocketFactory.java:157)
	at com.tdt.unicom.sgip.svr.UnicomSPMonitor.<init>(UnicomSPMonitor.java:37)
	at com.tdt.main.Main$launchUnicomSPMonitor.run(Main.java:37)
	at java.lang.Thread.run(Thread.java:619)
09-08-19 10:17:50 [ERROR] com.tdt.unicom.spsvr.ClientReqMonitor - launch local server error!
java.net.BindException: Address already in use: JVM_Bind
	at java.net.PlainSocketImpl.socketBind(Native Method)
	at java.net.PlainSocketImpl.bind(PlainSocketImpl.java:359)
	at java.net.ServerSocket.bind(ServerSocket.java:319)
	at java.net.ServerSocket.<init>(ServerSocket.java:185)
	at java.net.ServerSocket.<init>(ServerSocket.java:97)
	at javax.net.DefaultServerSocketFactory.createServerSocket(ServerSocketFactory.java:157)
	at com.tdt.unicom.spsvr.ClientReqMonitor.<init>(ClientReqMonitor.java:41)
	at com.tdt.main.Main$launchClientReqMonitor.run(Main.java:32)
	at java.lang.Thread.run(Thread.java:619)
09-08-19 13:52:00 [ERROR] com.tdt.unicom.spsvr.ClientReqMonitor - Êé•Êî∂ÂÆ¢Êà∑MTËØ∑Ê±ÇÊó∂IOÊµÅÂºÇÂ∏∏
java.net.SocketException: Connection reset
	at java.net.SocketInputStream.read(SocketInputStream.java:168)
	at sun.nio.cs.StreamDecoder.readBytes(StreamDecoder.java:264)
	at sun.nio.cs.StreamDecoder.implRead(StreamDecoder.java:306)
	at sun.nio.cs.StreamDecoder.read(StreamDecoder.java:158)
	at java.io.InputStreamReader.read(InputStreamReader.java:167)
	at java.io.BufferedReader.fill(BufferedReader.java:136)
	at java.io.BufferedReader.readLine(BufferedReader.java:299)
	at java.io.BufferedReader.readLine(BufferedReader.java:362)
	at com.tdt.unicom.spsvr.ClientReqMonitor$Handler.run(ClientReqMonitor.java:88)
	at java.lang.Thread.run(Thread.java:619)
09-08-19 13:52:18 [ERROR] com.tdt.unicom.spsvr.ClientReqMonitor - Êé•Êî∂ÂÆ¢Êà∑MTËØ∑Ê±ÇÊó∂IOÊµÅÂºÇÂ∏∏
java.net.SocketException: Connection reset
	at java.net.SocketInputStream.read(SocketInputStream.java:168)
	at sun.nio.cs.StreamDecoder.readBytes(StreamDecoder.java:264)
	at sun.nio.cs.StreamDecoder.implRead(StreamDecoder.java:306)
	at sun.nio.cs.StreamDecoder.read(StreamDecoder.java:158)
	at java.io.InputStreamReader.read(InputStreamReader.java:167)
	at java.io.BufferedReader.fill(BufferedReader.java:136)
	at java.io.BufferedReader.readLine(BufferedReader.java:299)
	at java.io.BufferedReader.readLine(BufferedReader.java:362)
	at com.tdt.unicom.spsvr.ClientReqMonitor$Handler.run(ClientReqMonitor.java:88)
	at java.lang.Thread.run(Thread.java:619)
09-08-19 13:54:12 [ERROR] com.tdt.unicom.spsvr.ClientReqMonitor - launch local server error!
java.net.BindException: Address already in use: JVM_Bind
	at java.net.PlainSocketImpl.socketBind(Native Method)
	at java.net.PlainSocketImpl.bind(PlainSocketImpl.java:359)
	at java.net.ServerSocket.bind(ServerSocket.java:319)
	at java.net.ServerSocket.<init>(ServerSocket.java:185)
	at java.net.ServerSocket.<init>(ServerSocket.java:97)
	at javax.net.DefaultServerSocketFactory.createServerSocket(ServerSocketFactory.java:157)
	at com.tdt.unicom.spsvr.ClientReqMonitor.<init>(ClientReqMonitor.java:41)
	at com.tdt.main.Main$launchClientReqMonitor.run(Main.java:32)
	at java.lang.Thread.run(Thread.java:619)
09-08-19 13:54:12 [ERROR] com.tdt.unicom.sgip.svr.UnicomSPMonitor - launch local server error!
java.net.BindException: Address already in use: JVM_Bind
	at java.net.PlainSocketImpl.socketBind(Native Method)
	at java.net.PlainSocketImpl.bind(PlainSocketImpl.java:359)
	at java.net.ServerSocket.bind(ServerSocket.java:319)
	at java.net.ServerSocket.<init>(ServerSocket.java:185)
	at java.net.ServerSocket.<init>(ServerSocket.java:97)
	at javax.net.DefaultServerSocketFactory.createServerSocket(ServerSocketFactory.java:157)
	at com.tdt.unicom.sgip.svr.UnicomSPMonitor.<init>(UnicomSPMonitor.java:37)
	at com.tdt.main.Main$launchUnicomSPMonitor.run(Main.java:37)
	at java.lang.Thread.run(Thread.java:619)
09-08-19 13:58:22 [ERROR] com.tdt.unicom.spsvr.ClientReqMonitor - Êé•Êî∂ÂÆ¢Êà∑MTËØ∑Ê±ÇÊó∂IOÊµÅÂºÇÂ∏∏
java.net.SocketException: Connection reset
	at java.net.SocketInputStream.read(SocketInputStream.java:168)
	at sun.nio.cs.StreamDecoder.readBytes(StreamDecoder.java:264)
	at sun.nio.cs.StreamDecoder.implRead(StreamDecoder.java:306)
	at sun.nio.cs.StreamDecoder.read(StreamDecoder.java:158)
	at java.io.InputStreamReader.read(InputStreamReader.java:167)
	at java.io.BufferedReader.fill(BufferedReader.java:136)
	at java.io.BufferedReader.readLine(BufferedReader.java:299)
	at java.io.BufferedReader.readLine(BufferedReader.java:362)
	at com.tdt.unicom.spsvr.ClientReqMonitor$Handler.run(ClientReqMonitor.java:87)
	at java.lang.Thread.run(Thread.java:619)
09-08-19 14:10:48 [ERROR] com.tdt.unicom.spsvr.ClientReqMonitor - launch local server error!
java.net.BindException: Address already in use: JVM_Bind
	at java.net.PlainSocketImpl.socketBind(Native Method)
	at java.net.PlainSocketImpl.bind(PlainSocketImpl.java:359)
	at java.net.ServerSocket.bind(ServerSocket.java:319)
	at java.net.ServerSocket.<init>(ServerSocket.java:185)
	at java.net.ServerSocket.<init>(ServerSocket.java:97)
	at javax.net.DefaultServerSocketFactory.createServerSocket(ServerSocketFactory.java:157)
	at com.tdt.unicom.spsvr.ClientReqMonitor.<init>(ClientReqMonitor.java:41)
	at com.tdt.main.Main$launchClientReqMonitor.run(Main.java:32)
	at java.lang.Thread.run(Thread.java:619)
09-08-19 14:10:48 [ERROR] com.tdt.unicom.sgip.svr.UnicomSPMonitor - launch local server error!
java.net.BindException: Address already in use: JVM_Bind
	at java.net.PlainSocketImpl.socketBind(Native Method)
	at java.net.PlainSocketImpl.bind(PlainSocketImpl.java:359)
	at java.net.ServerSocket.bind(ServerSocket.java:319)
	at java.net.ServerSocket.<init>(ServerSocket.java:185)
	at java.net.ServerSocket.<init>(ServerSocket.java:97)
	at javax.net.DefaultServerSocketFactory.createServerSocket(ServerSocketFactory.java:157)
	at com.tdt.unicom.sgip.svr.UnicomSPMonitor.<init>(UnicomSPMonitor.java:37)
	at com.tdt.main.Main$launchUnicomSPMonitor.run(Main.java:37)
	at java.lang.Thread.run(Thread.java:619)
09-08-19 14:13:03 [ERROR] com.tdt.unicom.spsvr.ClientReqMonitor - launch local server error!
java.net.BindException: Address already in use: JVM_Bind
	at java.net.PlainSocketImpl.socketBind(Native Method)
	at java.net.PlainSocketImpl.bind(PlainSocketImpl.java:359)
	at java.net.ServerSocket.bind(ServerSocket.java:319)
	at java.net.ServerSocket.<init>(ServerSocket.java:185)
	at java.net.ServerSocket.<init>(ServerSocket.java:97)
	at javax.net.DefaultServerSocketFactory.createServerSocket(ServerSocketFactory.java:157)
	at com.tdt.unicom.spsvr.ClientReqMonitor.<init>(ClientReqMonitor.java:41)
	at com.tdt.main.Main$launchClientReqMonitor.run(Main.java:32)
	at java.lang.Thread.run(Thread.java:619)
09-08-19 14:13:03 [ERROR] com.tdt.unicom.sgip.svr.UnicomSPMonitor - launch local server error!
java.net.BindException: Address already in use: JVM_Bind
	at java.net.PlainSocketImpl.socketBind(Native Method)
	at java.net.PlainSocketImpl.bind(PlainSocketImpl.java:359)
	at java.net.ServerSocket.bind(ServerSocket.java:319)
	at java.net.ServerSocket.<init>(ServerSocket.java:185)
	at java.net.ServerSocket.<init>(ServerSocket.java:97)
	at javax.net.DefaultServerSocketFactory.createServerSocket(ServerSocketFactory.java:157)
	at com.tdt.unicom.sgip.svr.UnicomSPMonitor.<init>(UnicomSPMonitor.java:37)
	at com.tdt.main.Main$launchUnicomSPMonitor.run(Main.java:37)
	at java.lang.Thread.run(Thread.java:619)
09-08-19 15:12:05 [ERROR] com.tdt.unicom.sgip.svr.UnicomSPMonitor - launch local server error!
java.net.BindException: Address already in use: JVM_Bind
	at java.net.PlainSocketImpl.socketBind(Native Method)
	at java.net.PlainSocketImpl.bind(PlainSocketImpl.java:359)
	at java.net.ServerSocket.bind(ServerSocket.java:319)
	at java.net.ServerSocket.<init>(ServerSocket.java:185)
	at java.net.ServerSocket.<init>(ServerSocket.java:97)
	at javax.net.DefaultServerSocketFactory.createServerSocket(ServerSocketFactory.java:157)
	at com.tdt.unicom.sgip.svr.UnicomSPMonitor.<init>(UnicomSPMonitor.java:37)
	at com.tdt.main.Main$launchUnicomSPMonitor.run(Main.java:37)
	at java.lang.Thread.run(Thread.java:619)
09-08-19 15:12:05 [ERROR] com.tdt.unicom.spsvr.ClientReqMonitor - launch local server error!
java.net.BindException: Address already in use: JVM_Bind
	at java.net.PlainSocketImpl.socketBind(Native Method)
	at java.net.PlainSocketImpl.bind(PlainSocketImpl.java:359)
	at java.net.ServerSocket.bind(ServerSocket.java:319)
	at java.net.ServerSocket.<init>(ServerSocket.java:185)
	at java.net.ServerSocket.<init>(ServerSocket.java:97)
	at javax.net.DefaultServerSocketFactory.createServerSocket(ServerSocketFactory.java:157)
	at com.tdt.unicom.spsvr.ClientReqMonitor.<init>(ClientReqMonitor.java:44)
	at com.tdt.main.Main$launchClientReqMonitor.run(Main.java:32)
	at java.lang.Thread.run(Thread.java:619)
09-08-19 17:01:18 [ERROR] com.tdt.unicom.sgip.svr.UnicomSPMonitor - launch local server error!
java.net.BindException: Address already in use: JVM_Bind
	at java.net.PlainSocketImpl.socketBind(Native Method)
	at java.net.PlainSocketImpl.bind(PlainSocketImpl.java:359)
	at java.net.ServerSocket.bind(ServerSocket.java:319)
	at java.net.ServerSocket.<init>(ServerSocket.java:185)
	at java.net.ServerSocket.<init>(ServerSocket.java:97)
	at javax.net.DefaultServerSocketFactory.createServerSocket(ServerSocketFactory.java:157)
	at com.tdt.unicom.sgip.svr.UnicomSPMonitor.<init>(UnicomSPMonitor.java:37)
	at com.tdt.main.Main$launchUnicomSPMonitor.run(Main.java:37)
	at java.lang.Thread.run(Thread.java:619)
09-08-19 17:01:18 [ERROR] com.tdt.unicom.spsvr.ClientReqMonitor - launch local server error!
java.net.BindException: Address already in use: JVM_Bind
	at java.net.PlainSocketImpl.socketBind(Native Method)
	at java.net.PlainSocketImpl.bind(PlainSocketImpl.java:359)
	at java.net.ServerSocket.bind(ServerSocket.java:319)
	at java.net.ServerSocket.<init>(ServerSocket.java:185)
	at java.net.ServerSocket.<init>(ServerSocket.java:97)
	at javax.net.DefaultServerSocketFactory.createServerSocket(ServerSocketFactory.java:157)
	at com.tdt.unicom.spsvr.ClientReqMonitor.<init>(ClientReqMonitor.java:44)
	at com.tdt.main.Main$launchClientReqMonitor.run(Main.java:32)
	at java.lang.Thread.run(Thread.java:619)
09-08-20 09:33:10 [ERROR] com.tdt.unicom.sgip.svr.UnicomSPMonitor - launch local server error!
java.net.BindException: Address already in use: JVM_Bind
	at java.net.PlainSocketImpl.socketBind(Native Method)
	at java.net.PlainSocketImpl.bind(PlainSocketImpl.java:359)
	at java.net.ServerSocket.bind(ServerSocket.java:319)
	at java.net.ServerSocket.<init>(ServerSocket.java:185)
	at java.net.ServerSocket.<init>(ServerSocket.java:97)
	at javax.net.DefaultServerSocketFactory.createServerSocket(ServerSocketFactory.java:157)
	at com.tdt.unicom.sgip.svr.UnicomSPMonitor.<init>(UnicomSPMonitor.java:37)
	at com.tdt.main.Main$launchUnicomSPMonitor.run(Main.java:37)
	at java.lang.Thread.run(Thread.java:619)
09-08-20 09:33:10 [ERROR] com.tdt.unicom.spsvr.ClientReqMonitor - launch local server error!
java.net.BindException: Address already in use: JVM_Bind
	at java.net.PlainSocketImpl.socketBind(Native Method)
	at java.net.PlainSocketImpl.bind(PlainSocketImpl.java:359)
	at java.net.ServerSocket.bind(ServerSocket.java:319)
	at java.net.ServerSocket.<init>(ServerSocket.java:185)
	at java.net.ServerSocket.<init>(ServerSocket.java:97)
	at javax.net.DefaultServerSocketFactory.createServerSocket(ServerSocketFactory.java:157)
	at com.tdt.unicom.spsvr.ClientReqMonitor.<init>(ClientReqMonitor.java:44)
	at com.tdt.main.Main$launchClientReqMonitor.run(Main.java:32)
	at java.lang.Thread.run(Thread.java:619)
09-08-20 11:19:22 [ERROR] com.tdt.unicom.sgip.svr.SPSender - ÂêëSMGÈÄí‰∫§MTËØ∑Ê±ÇÊó∂Âá∫Èîô
java.net.NoRouteToHostException: No route to host: connect
	at java.net.PlainSocketImpl.socketConnect(Native Method)
	at java.net.PlainSocketImpl.doConnect(PlainSocketImpl.java:333)
	at java.net.PlainSocketImpl.connectToAddress(PlainSocketImpl.java:195)
	at java.net.PlainSocketImpl.connect(PlainSocketImpl.java:182)
	at java.net.SocksSocketImpl.connect(SocksSocketImpl.java:366)
	at java.net.Socket.connect(Socket.java:519)
	at java.net.Socket.connect(Socket.java:469)
	at java.net.Socket.<init>(Socket.java:366)
	at java.net.Socket.<init>(Socket.java:180)
	at javax.net.DefaultSocketFactory.createSocket(SocketFactory.java:196)
	at com.tdt.unicom.sgip.svr.SPSender.sendMTReq(SPSender.java:102)
	at com.tdt.unicom.sgip.svr.SPSender$WorkerHandler.run(SPSender.java:85)
	at java.lang.Thread.run(Thread.java:619)
09-08-20 11:19:22 [ERROR] com.tdt.unicom.sgip.svr.SPSender - ÂêëSMGÈÄí‰∫§MTËØ∑Ê±ÇÊó∂Âá∫Èîô
java.net.NoRouteToHostException: No route to host: connect
	at java.net.PlainSocketImpl.socketConnect(Native Method)
	at java.net.PlainSocketImpl.doConnect(PlainSocketImpl.java:333)
	at java.net.PlainSocketImpl.connectToAddress(PlainSocketImpl.java:195)
	at java.net.PlainSocketImpl.connect(PlainSocketImpl.java:182)
	at java.net.SocksSocketImpl.connect(SocksSocketImpl.java:366)
	at java.net.Socket.connect(Socket.java:519)
	at java.net.Socket.connect(Socket.java:469)
	at java.net.Socket.<init>(Socket.java:366)
	at java.net.Socket.<init>(Socket.java:180)
	at javax.net.DefaultSocketFactory.createSocket(SocketFactory.java:196)
	at com.tdt.unicom.sgip.svr.SPSender.sendMTReq(SPSender.java:102)
	at com.tdt.unicom.sgip.svr.SPSender$WorkerHandler.run(SPSender.java:85)
	at java.lang.Thread.run(Thread.java:619)
09-08-20 11:39:52 [ERROR] com.tdt.unicom.sgip.svr.UnicomSPMonitor - launch local server error!
java.net.BindException: Address already in use: JVM_Bind
	at java.net.PlainSocketImpl.socketBind(Native Method)
	at java.net.PlainSocketImpl.bind(PlainSocketImpl.java:359)
	at java.net.ServerSocket.bind(ServerSocket.java:319)
	at java.net.ServerSocket.<init>(ServerSocket.java:185)
	at java.net.ServerSocket.<init>(ServerSocket.java:97)
	at javax.net.DefaultServerSocketFactory.createServerSocket(ServerSocketFactory.java:157)
	at com.tdt.unicom.sgip.svr.UnicomSPMonitor.<init>(UnicomSPMonitor.java:37)
	at com.tdt.main.Main$launchUnicomSPMonitor.run(Main.java:37)
	at java.lang.Thread.run(Thread.java:619)
09-08-20 11:39:52 [ERROR] com.tdt.unicom.spsvr.ClientReqMonitor - launch local server error!
java.net.BindException: Address already in use: JVM_Bind
	at java.net.PlainSocketImpl.socketBind(Native Method)
	at java.net.PlainSocketImpl.bind(PlainSocketImpl.java:359)
	at java.net.ServerSocket.bind(ServerSocket.java:319)
	at java.net.ServerSocket.<init>(ServerSocket.java:185)
	at java.net.ServerSocket.<init>(ServerSocket.java:97)
	at javax.net.DefaultServerSocketFactory.createServerSocket(ServerSocketFactory.java:157)
	at com.tdt.unicom.spsvr.ClientReqMonitor.<init>(ClientReqMonitor.java:44)
	at com.tdt.main.Main$launchClientReqMonitor.run(Main.java:32)
	at java.lang.Thread.run(Thread.java:619)
09-08-21 10:16:49 [ERROR] com.tdt.unicom.sgip.svr.UnicomSPMonitor - launch local server error!
java.net.BindException: Address already in use: JVM_Bind
	at java.net.PlainSocketImpl.socketBind(Native Method)
	at java.net.PlainSocketImpl.bind(PlainSocketImpl.java:359)
	at java.net.ServerSocket.bind(ServerSocket.java:319)
	at java.net.ServerSocket.<init>(ServerSocket.java:185)
	at java.net.ServerSocket.<init>(ServerSocket.java:97)
	at javax.net.DefaultServerSocketFactory.createServerSocket(ServerSocketFactory.java:157)
	at com.tdt.unicom.sgip.svr.UnicomSPMonitor.<init>(UnicomSPMonitor.java:37)
	at com.tdt.main.Main$launchUnicomSPMonitor.run(Main.java:37)
	at java.lang.Thread.run(Thread.java:619)
09-08-21 10:16:49 [ERROR] com.tdt.unicom.spsvr.ClientReqMonitor - launch local server error!
java.net.BindException: Address already in use: JVM_Bind
	at java.net.PlainSocketImpl.socketBind(Native Method)
	at java.net.PlainSocketImpl.bind(PlainSocketImpl.java:359)
	at java.net.ServerSocket.bind(ServerSocket.java:319)
	at java.net.ServerSocket.<init>(ServerSocket.java:185)
	at java.net.ServerSocket.<init>(ServerSocket.java:97)
	at javax.net.DefaultServerSocketFactory.createServerSocket(ServerSocketFactory.java:157)
	at com.tdt.unicom.spsvr.ClientReqMonitor.<init>(ClientReqMonitor.java:44)
	at com.tdt.main.Main$launchClientReqMonitor.run(Main.java:32)
	at java.lang.Thread.run(Thread.java:619)
09-08-27 09:08:30 [ERROR] com.tdt.unicom.sgip.svr.SPSender - Áü≠‰ø°‰∏ãÂèëÊó∂IOÊµÅÂºÇÂ∏∏!
java.net.ConnectException: Connection timed out: connect
	at java.net.PlainSocketImpl.socketConnect(Native Method)
	at java.net.PlainSocketImpl.doConnect(PlainSocketImpl.java:333)
	at java.net.PlainSocketImpl.connectToAddress(PlainSocketImpl.java:195)
	at java.net.PlainSocketImpl.connect(PlainSocketImpl.java:182)
	at java.net.SocksSocketImpl.connect(SocksSocketImpl.java:366)
	at java.net.Socket.connect(Socket.java:519)
	at java.net.Socket.connect(Socket.java:469)
	at java.net.Socket.<init>(Socket.java:366)
	at java.net.Socket.<init>(Socket.java:180)
	at javax.net.DefaultSocketFactory.createSocket(SocketFactory.java:196)
	at com.tdt.unicom.sgip.svr.SPSender.sendMTReq(SPSender.java:124)
	at com.tdt.unicom.sgip.svr.SPSender$WorkerHandler.run(SPSender.java:109)
	at java.lang.Thread.run(Thread.java:619)
09-08-27 10:55:38 [ERROR] com.tdt.unicom.sgip.svr.SPSender - Áü≠‰ø°‰∏ãÂèëÊó∂IOÊµÅÂºÇÂ∏∏!
java.net.ConnectException: Connection timed out: connect
	at java.net.PlainSocketImpl.socketConnect(Native Method)
	at java.net.PlainSocketImpl.doConnect(PlainSocketImpl.java:333)
	at java.net.PlainSocketImpl.connectToAddress(PlainSocketImpl.java:195)
	at java.net.PlainSocketImpl.connect(PlainSocketImpl.java:182)
	at java.net.SocksSocketImpl.connect(SocksSocketImpl.java:366)
	at java.net.Socket.connect(Socket.java:519)
	at java.net.Socket.connect(Socket.java:469)
	at java.net.Socket.<init>(Socket.java:366)
	at java.net.Socket.<init>(Socket.java:180)
	at javax.net.DefaultSocketFactory.createSocket(SocketFactory.java:196)
	at com.tdt.unicom.sgip.svr.SPSender.sendMTReq(SPSender.java:124)
	at com.tdt.unicom.sgip.svr.SPSender$WorkerHandler.run(SPSender.java:109)
	at java.lang.Thread.run(Thread.java:619)
09-08-27 11:01:29 [ERROR] com.tdt.unicom.sgip.svr.SPSender - Áü≠‰ø°‰∏ãÂèëÊó∂IOÊµÅÂºÇÂ∏∏!
java.net.ConnectException: Connection timed out: connect
	at java.net.PlainSocketImpl.socketConnect(Native Method)
	at java.net.PlainSocketImpl.doConnect(PlainSocketImpl.java:333)
	at java.net.PlainSocketImpl.connectToAddress(PlainSocketImpl.java:195)
	at java.net.PlainSocketImpl.connect(PlainSocketImpl.java:182)
	at java.net.SocksSocketImpl.connect(SocksSocketImpl.java:366)
	at java.net.Socket.connect(Socket.java:519)
	at java.net.Socket.connect(Socket.java:469)
	at java.net.Socket.<init>(Socket.java:366)
	at java.net.Socket.<init>(Socket.java:180)
	at javax.net.DefaultSocketFactory.createSocket(SocketFactory.java:196)
	at com.tdt.unicom.sgip.svr.SPSender.sendMTReq(SPSender.java:124)
	at com.tdt.unicom.sgip.svr.SPSender$WorkerHandler.run(SPSender.java:109)
	at java.lang.Thread.run(Thread.java:619)
09-08-27 11:04:08 [ERROR] com.tdt.unicom.sgip.svr.SPSender - Áü≠‰ø°‰∏ãÂèëÊó∂IOÊµÅÂºÇÂ∏∏!
java.net.ConnectException: Connection timed out: connect
	at java.net.PlainSocketImpl.socketConnect(Native Method)
	at java.net.PlainSocketImpl.doConnect(PlainSocketImpl.java:333)
	at java.net.PlainSocketImpl.connectToAddress(PlainSocketImpl.java:195)
	at java.net.PlainSocketImpl.connect(PlainSocketImpl.java:182)
	at java.net.SocksSocketImpl.connect(SocksSocketImpl.java:366)
	at java.net.Socket.connect(Socket.java:519)
	at java.net.Socket.connect(Socket.java:469)
	at java.net.Socket.<init>(Socket.java:366)
	at java.net.Socket.<init>(Socket.java:180)
	at javax.net.DefaultSocketFactory.createSocket(SocketFactory.java:196)
	at com.tdt.unicom.sgip.svr.SPSender.sendMTReq(SPSender.java:125)
	at com.tdt.unicom.sgip.svr.SPSender$WorkerHandler.run(SPSender.java:109)
	at java.lang.Thread.run(Thread.java:619)
09-08-27 14:13:37 [ERROR] com.tdt.unicom.sgip.svr.SPSender - Áü≠‰ø°‰∏ãÂèëÊó∂IOÊµÅÂºÇÂ∏∏!
java.net.ConnectException: Connection timed out: connect
	at java.net.PlainSocketImpl.socketConnect(Native Method)
	at java.net.PlainSocketImpl.doConnect(PlainSocketImpl.java:333)
	at java.net.PlainSocketImpl.connectToAddress(PlainSocketImpl.java:195)
	at java.net.PlainSocketImpl.connect(PlainSocketImpl.java:182)
	at java.net.SocksSocketImpl.connect(SocksSocketImpl.java:366)
	at java.net.Socket.connect(Socket.java:519)
	at java.net.Socket.connect(Socket.java:469)
	at java.net.Socket.<init>(Socket.java:366)
	at java.net.Socket.<init>(Socket.java:180)
	at javax.net.DefaultSocketFactory.createSocket(SocketFactory.java:196)
	at com.tdt.unicom.sgip.svr.SPSender.sendMTReq(SPSender.java:125)
	at com.tdt.unicom.sgip.svr.SPSender$WorkerHandler.run(SPSender.java:109)
	at java.lang.Thread.run(Thread.java:619)
09-08-27 15:04:51 [ERROR] com.tdt.unicom.spsvr.ClientReqMonitor - launch local server error!
java.net.BindException: Address already in use: JVM_Bind
	at java.net.PlainSocketImpl.socketBind(Native Method)
	at java.net.PlainSocketImpl.bind(PlainSocketImpl.java:359)
	at java.net.ServerSocket.bind(ServerSocket.java:319)
	at java.net.ServerSocket.<init>(ServerSocket.java:185)
	at java.net.ServerSocket.<init>(ServerSocket.java:97)
	at javax.net.DefaultServerSocketFactory.createServerSocket(ServerSocketFactory.java:157)
	at com.tdt.unicom.spsvr.ClientReqMonitor.<init>(ClientReqMonitor.java:39)
	at com.tdt.main.Main$launchClientReqMonitor.run(Main.java:34)
	at java.lang.Thread.run(Thread.java:619)
09-08-27 15:04:51 [ERROR] com.tdt.unicom.sgip.svr.UnicomSPMonitor - launch local server error!
java.net.BindException: Address already in use: JVM_Bind
	at java.net.PlainSocketImpl.socketBind(Native Method)
	at java.net.PlainSocketImpl.bind(PlainSocketImpl.java:359)
	at java.net.ServerSocket.bind(ServerSocket.java:319)
	at java.net.ServerSocket.<init>(ServerSocket.java:185)
	at java.net.ServerSocket.<init>(ServerSocket.java:97)
	at javax.net.DefaultServerSocketFactory.createServerSocket(ServerSocketFactory.java:157)
	at com.tdt.unicom.sgip.svr.UnicomSPMonitor.<init>(UnicomSPMonitor.java:57)
	at com.tdt.main.Main$launchUnicomSPMonitor.run(Main.java:39)
	at java.lang.Thread.run(Thread.java:619)
09-08-27 15:42:39 [ERROR] com.tdt.unicom.spsvr.ClientReqMonitor - launch local server error!
java.net.BindException: Address already in use: JVM_Bind
	at java.net.PlainSocketImpl.socketBind(Native Method)
	at java.net.PlainSocketImpl.bind(PlainSocketImpl.java:359)
	at java.net.ServerSocket.bind(ServerSocket.java:319)
	at java.net.ServerSocket.<init>(ServerSocket.java:185)
	at java.net.ServerSocket.<init>(ServerSocket.java:97)
	at javax.net.DefaultServerSocketFactory.createServerSocket(ServerSocketFactory.java:157)
	at com.tdt.unicom.spsvr.ClientReqMonitor.<init>(ClientReqMonitor.java:39)
	at com.tdt.main.Main$launchClientReqMonitor.run(Main.java:34)
	at java.lang.Thread.run(Thread.java:619)
09-08-27 15:42:39 [ERROR] com.tdt.unicom.sgip.svr.UnicomSPMonitor - launch local server error!
java.net.BindException: Address already in use: JVM_Bind
	at java.net.PlainSocketImpl.socketBind(Native Method)
	at java.net.PlainSocketImpl.bind(PlainSocketImpl.java:359)
	at java.net.ServerSocket.bind(ServerSocket.java:319)
	at java.net.ServerSocket.<init>(ServerSocket.java:185)
	at java.net.ServerSocket.<init>(ServerSocket.java:97)
	at javax.net.DefaultServerSocketFactory.createServerSocket(ServerSocketFactory.java:157)
	at com.tdt.unicom.sgip.svr.UnicomSPMonitor.<init>(UnicomSPMonitor.java:57)
	at com.tdt.main.Main$launchUnicomSPMonitor.run(Main.java:39)
	at java.lang.Thread.run(Thread.java:619)
09-08-31 15:16:52 [ERROR] com.tdt.unicom.sgip.svr.UnicomSPMonitor - Ëß£ÊûêËΩ¨ÂèëÈÖçÁΩÆÊñá‰ª∂ÂèëÁîüIOÊµÅÂºÇÂ∏∏
java.io.FileNotFoundException: E:\workspace\eclipseworkspace\UNICOM\productipconfig.xml (Á≥ªÁªüÊâæ‰∏çÂà∞ÊåáÂÆöÁöÑÊñá‰ª∂„ÄÇ)
	at java.io.FileInputStream.open(Native Method)
	at java.io.FileInputStream.<init>(FileInputStream.java:106)
	at java.io.FileInputStream.<init>(FileInputStream.java:66)
	at sun.net.www.protocol.file.FileURLConnection.connect(FileURLConnection.java:70)
	at sun.net.www.protocol.file.FileURLConnection.getInputStream(FileURLConnection.java:161)
	at org.apache.xerces.impl.XMLEntityManager.setupCurrentEntity(Unknown Source)
	at org.apache.xerces.impl.XMLVersionDetector.determineDocVersion(Unknown Source)
	at org.apache.xerces.parsers.XML11Configuration.parse(Unknown Source)
	at org.apache.xerces.parsers.XML11Configuration.parse(Unknown Source)
	at org.apache.xerces.parsers.XMLParser.parse(Unknown Source)
	at org.apache.xerces.parsers.AbstractSAXParser.parse(Unknown Source)
	at org.jdom.input.SAXBuilder.build(SAXBuilder.java:518)
	at org.jdom.input.SAXBuilder.build(SAXBuilder.java:986)
	at com.tdt.unicom.sgip.svr.UnicomSPMonitor$ProductReplyBean.<clinit>(UnicomSPMonitor.java:271)
	at java.lang.Class.forName0(Native Method)
	at java.lang.Class.forName(Class.java:169)
	at com.tdt.unicom.sgip.svr.UnicomSPMonitor.<init>(UnicomSPMonitor.java:52)
	at com.tdt.main.Main$launchUnicomSPMonitor.run(Main.java:41)
	at java.lang.Thread.run(Thread.java:619)
09-08-31 15:58:20 [ERROR] com.tdt.unicom.spsvr.ClientReqMonitor - launch local server error!
java.net.BindException: Address already in use: JVM_Bind
	at java.net.PlainSocketImpl.socketBind(Native Method)
	at java.net.PlainSocketImpl.bind(PlainSocketImpl.java:359)
	at java.net.ServerSocket.bind(ServerSocket.java:319)
	at java.net.ServerSocket.<init>(ServerSocket.java:185)
	at java.net.ServerSocket.<init>(ServerSocket.java:97)
	at javax.net.DefaultServerSocketFactory.createServerSocket(ServerSocketFactory.java:157)
	at com.tdt.unicom.spsvr.ClientReqMonitor.<init>(ClientReqMonitor.java:39)
	at com.tdt.main.Main$launchClientReqMonitor.run(Main.java:36)
	at java.lang.Thread.run(Thread.java:619)
09-08-31 15:58:25 [ERROR] com.tdt.unicom.sgip.svr.UnicomSPMonitor - launch local server error!
java.net.BindException: Address already in use: JVM_Bind
	at java.net.PlainSocketImpl.socketBind(Native Method)
	at java.net.PlainSocketImpl.bind(PlainSocketImpl.java:359)
	at java.net.ServerSocket.bind(ServerSocket.java:319)
	at java.net.ServerSocket.<init>(ServerSocket.java:185)
	at java.net.ServerSocket.<init>(ServerSocket.java:97)
	at javax.net.DefaultServerSocketFactory.createServerSocket(ServerSocketFactory.java:157)
	at com.tdt.unicom.sgip.svr.UnicomSPMonitor.<init>(UnicomSPMonitor.java:53)
	at com.tdt.main.Main$launchUnicomSPMonitor.run(Main.java:41)
	at java.lang.Thread.run(Thread.java:619)
09-09-01 10:34:07 [ERROR] com.tdt.unicom.spsvr.ClientReqMonitor - launch local server error!
java.net.BindException: Address already in use: JVM_Bind
	at java.net.PlainSocketImpl.socketBind(Native Method)
	at java.net.PlainSocketImpl.bind(PlainSocketImpl.java:359)
	at java.net.ServerSocket.bind(ServerSocket.java:319)
	at java.net.ServerSocket.<init>(ServerSocket.java:185)
	at java.net.ServerSocket.<init>(ServerSocket.java:97)
	at javax.net.DefaultServerSocketFactory.createServerSocket(ServerSocketFactory.java:157)
	at com.tdt.unicom.spsvr.ClientReqMonitor.<init>(ClientReqMonitor.java:39)
	at com.tdt.main.Main$launchClientReqMonitor.run(Main.java:36)
	at java.lang.Thread.run(Thread.java:619)
09-09-01 10:34:12 [ERROR] com.tdt.unicom.sgip.svr.UnicomSPMonitor - launch local server error!
java.net.BindException: Address already in use: JVM_Bind
	at java.net.PlainSocketImpl.socketBind(Native Method)
	at java.net.PlainSocketImpl.bind(PlainSocketImpl.java:359)
	at java.net.ServerSocket.bind(ServerSocket.java:319)
	at java.net.ServerSocket.<init>(ServerSocket.java:185)
	at java.net.ServerSocket.<init>(ServerSocket.java:97)
	at javax.net.DefaultServerSocketFactory.createServerSocket(ServerSocketFactory.java:157)
	at com.tdt.unicom.sgip.svr.UnicomSPMonitor.<init>(UnicomSPMonitor.java:55)
	at com.tdt.main.Main$launchUnicomSPMonitor.run(Main.java:41)
	at java.lang.Thread.run(Thread.java:619)
09-09-16 15:17:19 [ERROR] com.tdt.unicom.spsvr.ClientReqMonitor - launch local server error!
java.net.BindException: Address already in use: JVM_Bind
	at java.net.PlainSocketImpl.socketBind(Native Method)
	at java.net.PlainSocketImpl.bind(PlainSocketImpl.java:359)
	at java.net.ServerSocket.bind(ServerSocket.java:319)
	at java.net.ServerSocket.<init>(ServerSocket.java:185)
	at java.net.ServerSocket.<init>(ServerSocket.java:97)
	at javax.net.DefaultServerSocketFactory.createServerSocket(ServerSocketFactory.java:157)
	at com.tdt.unicom.spsvr.ClientReqMonitor.<init>(ClientReqMonitor.java:39)
	at com.tdt.main.Main$launchClientReqMonitor.run(Main.java:36)
	at java.lang.Thread.run(Thread.java:619)
11-04-09 10:11:07 [ERROR] com.tdt.unicom.sgip.svr.UnicomSPMonitor - Ëß£ÊûêËΩ¨ÂèëÈÖçÁΩÆÊñá‰ª∂ÂèëÁîüIOÊµÅÂºÇÂ∏∏
java.net.MalformedURLException: unknown protocol: e
	at java.net.URL.<init>(Unknown Source)
	at java.net.URL.<init>(Unknown Source)
	at java.net.URL.<init>(Unknown Source)
	at org.apache.xerces.impl.XMLEntityManager.setupCurrentEntity(Unknown Source)
	at org.apache.xerces.impl.XMLVersionDetector.determineDocVersion(Unknown Source)
	at org.apache.xerces.parsers.XML11Configuration.parse(Unknown Source)
	at org.apache.xerces.parsers.XML11Configuration.parse(Unknown Source)
	at org.apache.xerces.parsers.XMLParser.parse(Unknown Source)
	at org.apache.xerces.parsers.AbstractSAXParser.parse(Unknown Source)
	at org.jdom.input.SAXBuilder.build(SAXBuilder.java:518)
	at org.jdom.input.SAXBuilder.build(SAXBuilder.java:986)
	at com.tdt.unicom.sgip.svr.UnicomSPMonitor$ProductReplyBean.<clinit>(UnicomSPMonitor.java:336)
	at java.lang.Class.forName0(Native Method)
	at java.lang.Class.forName(Unknown Source)
	at com.tdt.unicom.sgip.svr.UnicomSPMonitor.<init>(UnicomSPMonitor.java:58)
	at com.tdt.main.Main$launchUnicomSPMonitor.run(Main.java:41)
	at java.lang.Thread.run(Unknown Source)
11-04-09 10:11:28 [ERROR] com.tdt.unicom.sgip.svr.UnicomSPMonitor - launch local server error!
java.net.BindException: Address already in use: JVM_Bind
	at java.net.PlainSocketImpl.socketBind(Native Method)
	at java.net.PlainSocketImpl.bind(Unknown Source)
	at java.net.ServerSocket.bind(Unknown Source)
	at java.net.ServerSocket.<init>(Unknown Source)
	at java.net.ServerSocket.<init>(Unknown Source)
	at javax.net.DefaultServerSocketFactory.createServerSocket(Unknown Source)
	at com.tdt.unicom.sgip.svr.UnicomSPMonitor.<init>(UnicomSPMonitor.java:59)
	at com.tdt.main.Main$launchUnicomSPMonitor.run(Main.java:41)
	at java.lang.Thread.run(Unknown Source)
11-04-09 10:14:55 [ERROR] com.tdt.unicom.sgip.svr.UnicomSPMonitor - Ëß£ÊûêËΩ¨ÂèëÈÖçÁΩÆÊñá‰ª∂ÂèëÁîüIOÊµÅÂºÇÂ∏∏
java.net.MalformedURLException: unknown protocol: e
	at java.net.URL.<init>(Unknown Source)
	at java.net.URL.<init>(Unknown Source)
	at java.net.URL.<init>(Unknown Source)
	at org.apache.xerces.impl.XMLEntityManager.setupCurrentEntity(Unknown Source)
	at org.apache.xerces.impl.XMLVersionDetector.determineDocVersion(Unknown Source)
	at org.apache.xerces.parsers.XML11Configuration.parse(Unknown Source)
	at org.apache.xerces.parsers.XML11Configuration.parse(Unknown Source)
	at org.apache.xerces.parsers.XMLParser.parse(Unknown Source)
	at org.apache.xerces.parsers.AbstractSAXParser.parse(Unknown Source)
	at org.jdom.input.SAXBuilder.build(SAXBuilder.java:518)
	at org.jdom.input.SAXBuilder.build(SAXBuilder.java:986)
	at com.tdt.unicom.sgip.svr.UnicomSPMonitor$ProductReplyBean.<clinit>(UnicomSPMonitor.java:336)
	at java.lang.Class.forName0(Native Method)
	at java.lang.Class.forName(Unknown Source)
	at com.tdt.unicom.sgip.svr.UnicomSPMonitor.<init>(UnicomSPMonitor.java:58)
	at com.tdt.main.Main$launchUnicomSPMonitor.run(Main.java:41)
	at java.lang.Thread.run(Unknown Source)
11-04-10 14:02:08 [ERROR] com.tdt.unicom.sgip.svr.UnicomSPMonitor - Ëß£ÊûêËΩ¨ÂèëÈÖçÁΩÆÊñá‰ª∂ÂèëÁîüIOÊµÅÂºÇÂ∏∏
java.net.MalformedURLException: unknown protocol: e
	at java.net.URL.<init>(Unknown Source)
	at java.net.URL.<init>(Unknown Source)
	at java.net.URL.<init>(Unknown Source)
	at org.apache.xerces.impl.XMLEntityManager.setupCurrentEntity(Unknown Source)
	at org.apache.xerces.impl.XMLVersionDetector.determineDocVersion(Unknown Source)
	at org.apache.xerces.parsers.XML11Configuration.parse(Unknown Source)
	at org.apache.xerces.parsers.XML11Configuration.parse(Unknown Source)
	at org.apache.xerces.parsers.XMLParser.parse(Unknown Source)
	at org.apache.xerces.parsers.AbstractSAXParser.parse(Unknown Source)
	at org.jdom.input.SAXBuilder.build(SAXBuilder.java:518)
	at org.jdom.input.SAXBuilder.build(SAXBuilder.java:986)
	at com.tdt.unicom.sgip.svr.UnicomSPMonitor$ProductReplyBean.<clinit>(UnicomSPMonitor.java:336)
	at java.lang.Class.forName0(Native Method)
	at java.lang.Class.forName(Unknown Source)
	at com.tdt.unicom.sgip.svr.UnicomSPMonitor.<init>(UnicomSPMonitor.java:58)
	at com.tdt.main.Main$launchUnicomSPMonitor.run(Main.java:41)
	at java.lang.Thread.run(Unknown Source)
11-04-10 14:02:50 [ERROR] com.tdt.unicom.sgip.svr.UnicomSPMonitor - Ëß£ÊûêËΩ¨ÂèëÈÖçÁΩÆÊñá‰ª∂ÂèëÁîüIOÊµÅÂºÇÂ∏∏
java.net.MalformedURLException: unknown protocol: e
	at java.net.URL.<init>(Unknown Source)
	at java.net.URL.<init>(Unknown Source)
	at java.net.URL.<init>(Unknown Source)
	at org.apache.xerces.impl.XMLEntityManager.setupCurrentEntity(Unknown Source)
	at org.apache.xerces.impl.XMLVersionDetector.determineDocVersion(Unknown Source)
	at org.apache.xerces.parsers.XML11Configuration.parse(Unknown Source)
	at org.apache.xerces.parsers.XML11Configuration.parse(Unknown Source)
	at org.apache.xerces.parsers.XMLParser.parse(Unknown Source)
	at org.apache.xerces.parsers.AbstractSAXParser.parse(Unknown Source)
	at org.jdom.input.SAXBuilder.build(SAXBuilder.java:518)
	at org.jdom.input.SAXBuilder.build(SAXBuilder.java:986)
	at com.tdt.unicom.sgip.svr.UnicomSPMonitor$ProductReplyBean.<clinit>(UnicomSPMonitor.java:336)
	at java.lang.Class.forName0(Native Method)
	at java.lang.Class.forName(Unknown Source)
	at com.tdt.unicom.sgip.svr.UnicomSPMonitor.<init>(UnicomSPMonitor.java:58)
	at com.tdt.main.Main$launchUnicomSPMonitor.run(Main.java:41)
	at java.lang.Thread.run(Unknown Source)
11-04-10 14:02:57 [ERROR] com.tdt.unicom.sgip.svr.UnicomSPMonitor - Ëß£ÊûêËΩ¨ÂèëÈÖçÁΩÆÊñá‰ª∂ÂèëÁîüIOÊµÅÂºÇÂ∏∏
java.net.MalformedURLException: unknown protocol: e
	at java.net.URL.<init>(Unknown Source)
	at java.net.URL.<init>(Unknown Source)
	at java.net.URL.<init>(Unknown Source)
	at org.apache.xerces.impl.XMLEntityManager.setupCurrentEntity(Unknown Source)
	at org.apache.xerces.impl.XMLVersionDetector.determineDocVersion(Unknown Source)
	at org.apache.xerces.parsers.XML11Configuration.parse(Unknown Source)
	at org.apache.xerces.parsers.XML11Configuration.parse(Unknown Source)
	at org.apache.xerces.parsers.XMLParser.parse(Unknown Source)
	at org.apache.xerces.parsers.AbstractSAXParser.parse(Unknown Source)
	at org.jdom.input.SAXBuilder.build(SAXBuilder.java:518)
	at org.jdom.input.SAXBuilder.build(SAXBuilder.java:986)
	at com.tdt.unicom.sgip.svr.UnicomSPMonitor$ProductReplyBean.<clinit>(UnicomSPMonitor.java:336)
	at java.lang.Class.forName0(Native Method)
	at java.lang.Class.forName(Unknown Source)
	at com.tdt.unicom.sgip.svr.UnicomSPMonitor.<init>(UnicomSPMonitor.java:58)
	at com.tdt.main.Main$launchUnicomSPMonitor.run(Main.java:41)
	at java.lang.Thread.run(Unknown Source)
11-04-15 11:33:46 [ERROR] com.tdt.unicom.sgip.svr.UnicomSPMonitor - Ëß£ÊûêËΩ¨ÂèëÈÖçÁΩÆÊñá‰ª∂Âá∫Èîô!
org.jdom.input.JDOMParseException: Error on line 0: File "E:\ÊäÄÊúØÊñáÊ°£\TDTÊ∫êÁ†Å\UNICOM\UNICOM\productipconfig.xml" not found.
	at org.jdom.input.SAXBuilder.build(SAXBuilder.java:504)
	at org.jdom.input.SAXBuilder.build(SAXBuilder.java:928)
	at com.tdt.unicom.sgip.svr.UnicomSPMonitor$ProductReplyBean.<clinit>(UnicomSPMonitor.java:336)
	at java.lang.Class.forName0(Native Method)
	at java.lang.Class.forName(Class.java:169)
	at com.tdt.unicom.sgip.svr.UnicomSPMonitor.<init>(UnicomSPMonitor.java:58)
	at com.tdt.main.Main$launchUnicomSPMonitor.run(Main.java:41)
	at java.lang.Thread.run(Thread.java:619)
Caused by: org.xml.sax.SAXParseException: File "E:\ÊäÄÊúØÊñáÊ°£\TDTÊ∫êÁ†Å\UNICOM\UNICOM\productipconfig.xml" not found.
	at org.apache.xerces.framework.XMLParser.reportError(XMLParser.java:1202)
	at org.apache.xerces.readers.DefaultEntityHandler.startReadingFromDocument(DefaultEntityHandler.java:499)
	at org.apache.xerces.framework.XMLParser.parseSomeSetup(XMLParser.java:312)
	at org.apache.xerces.framework.XMLParser.parse(XMLParser.java:1080)
	at org.jdom.input.SAXBuilder.build(SAXBuilder.java:489)
	... 7 more
Caused by: org.xml.sax.SAXParseException: File "E:\ÊäÄÊúØÊñáÊ°£\TDTÊ∫êÁ†Å\UNICOM\UNICOM\productipconfig.xml" not found.
	at org.apache.xerces.framework.XMLParser.reportError(XMLParser.java:1202)
	at org.apache.xerces.readers.DefaultEntityHandler.startReadingFromDocument(DefaultEntityHandler.java:499)
	at org.apache.xerces.framework.XMLParser.parseSomeSetup(XMLParser.java:312)
	at org.apache.xerces.framework.XMLParser.parse(XMLParser.java:1080)
	at org.jdom.input.SAXBuilder.build(SAXBuilder.java:489)
	at org.jdom.input.SAXBuilder.build(SAXBuilder.java:928)
	at com.tdt.unicom.sgip.svr.UnicomSPMonitor$ProductReplyBean.<clinit>(UnicomSPMonitor.java:336)
	at java.lang.Class.forName0(Native Method)
	at java.lang.Class.forName(Class.java:169)
	at com.tdt.unicom.sgip.svr.UnicomSPMonitor.<init>(UnicomSPMonitor.java:58)
	at com.tdt.main.Main$launchUnicomSPMonitor.run(Main.java:41)
	at java.lang.Thread.run(Thread.java:619)
11-12-15 17:30:39 [ERROR] com.tdt.unicom.spsvr.ClientReqMonitor - launch local server error!
java.net.BindException: Address already in use: JVM_Bind
	at java.net.PlainSocketImpl.socketBind(Native Method)
	at java.net.PlainSocketImpl.bind(PlainSocketImpl.java:365)
	at java.net.ServerSocket.bind(ServerSocket.java:319)
	at java.net.ServerSocket.<init>(ServerSocket.java:185)
	at java.net.ServerSocket.<init>(ServerSocket.java:97)
	at javax.net.DefaultServerSocketFactory.createServerSocket(ServerSocketFactory.java:157)
	at com.tdt.unicom.spsvr.ClientReqMonitor.<init>(ClientReqMonitor.java:39)
	at com.tdt.main.Main$launchClientReqMonitor.run(Main.java:34)
	at java.lang.Thread.run(Thread.java:619)
11-12-15 17:31:00 [ERROR] com.tdt.unicom.sgip.svr.UnicomSPMonitor - launch local server error!
java.net.BindException: Address already in use: JVM_Bind
	at java.net.PlainSocketImpl.socketBind(Native Method)
	at java.net.PlainSocketImpl.bind(PlainSocketImpl.java:365)
	at java.net.ServerSocket.bind(ServerSocket.java:319)
	at java.net.ServerSocket.<init>(ServerSocket.java:185)
	at java.net.ServerSocket.<init>(ServerSocket.java:97)
	at javax.net.DefaultServerSocketFactory.createServerSocket(ServerSocketFactory.java:157)
	at com.tdt.unicom.sgip.svr.UnicomSPMonitor.<init>(UnicomSPMonitor.java:59)
	at com.tdt.main.Main$launchUnicomSPMonitor.run(Main.java:39)
	at java.lang.Thread.run(Thread.java:619)
11-12-15 17:33:55 [ERROR] com.tdt.unicom.spsvr.ClientReqMonitor - launch local server error!
java.net.BindException: Address already in use: JVM_Bind
	at java.net.PlainSocketImpl.socketBind(Native Method)
	at java.net.PlainSocketImpl.bind(PlainSocketImpl.java:365)
	at java.net.ServerSocket.bind(ServerSocket.java:319)
	at java.net.ServerSocket.<init>(ServerSocket.java:185)
	at java.net.ServerSocket.<init>(ServerSocket.java:97)
	at javax.net.DefaultServerSocketFactory.createServerSocket(ServerSocketFactory.java:157)
	at com.tdt.unicom.spsvr.ClientReqMonitor.<init>(ClientReqMonitor.java:39)
	at com.tdt.main.Main$launchClientReqMonitor.run(Main.java:34)
	at java.lang.Thread.run(Thread.java:619)
12-02-08 17:06:19 [ERROR] com.tdt.unicom.sgip.svr.UnicomSPMonitor - Ω‚Œˆ◊™∑¢≈‰÷√Œƒº˛≥ˆ¥Ì!
org.jdom.input.JDOMParseException: Error on line 0: File "file:///E:/IDE Workspace/eclipse/UNICOM/productionConf.xml" not found.
	at org.jdom.input.SAXBuilder.build(SAXBuilder.java:504)
	at org.jdom.input.SAXBuilder.build(SAXBuilder.java:928)
	at com.tdt.unicom.sgip.svr.UnicomSPMonitor$ProductConfBean.<clinit>(UnicomSPMonitor.java:337)
	at java.lang.Class.forName0(Native Method)
	at java.lang.Class.forName(Class.java:169)
	at com.tdt.unicom.sgip.svr.UnicomSPMonitor.<init>(UnicomSPMonitor.java:59)
	at com.tdt.main.Main$launchUnicomSPMonitor.run(Main.java:37)
	at java.lang.Thread.run(Thread.java:619)
Caused by: org.xml.sax.SAXParseException: File "file:///E:/IDE Workspace/eclipse/UNICOM/productionConf.xml" not found.
	at org.apache.xerces.framework.XMLParser.reportError(XMLParser.java:1202)
	at org.apache.xerces.readers.DefaultEntityHandler.startReadingFromDocument(DefaultEntityHandler.java:512)
	at org.apache.xerces.framework.XMLParser.parseSomeSetup(XMLParser.java:312)
	at org.apache.xerces.framework.XMLParser.parse(XMLParser.java:1080)
	at org.jdom.input.SAXBuilder.build(SAXBuilder.java:489)
	... 7 more
Caused by: org.xml.sax.SAXParseException: File "file:///E:/IDE Workspace/eclipse/UNICOM/productionConf.xml" not found.
	at org.apache.xerces.framework.XMLParser.reportError(XMLParser.java:1202)
	at org.apache.xerces.readers.DefaultEntityHandler.startReadingFromDocument(DefaultEntityHandler.java:512)
	at org.apache.xerces.framework.XMLParser.parseSomeSetup(XMLParser.java:312)
	at org.apache.xerces.framework.XMLParser.parse(XMLParser.java:1080)
	at org.jdom.input.SAXBuilder.build(SAXBuilder.java:489)
	at org.jdom.input.SAXBuilder.build(SAXBuilder.java:928)
	at com.tdt.unicom.sgip.svr.UnicomSPMonitor$ProductConfBean.<clinit>(UnicomSPMonitor.java:337)
	at java.lang.Class.forName0(Native Method)
	at java.lang.Class.forName(Class.java:169)
	at com.tdt.unicom.sgip.svr.UnicomSPMonitor.<init>(UnicomSPMonitor.java:59)
	at com.tdt.main.Main$launchUnicomSPMonitor.run(Main.java:37)
	at java.lang.Thread.run(Thread.java:619)
12-02-08 17:11:47 [ERROR] com.tdt.unicom.sgip.svr.UnicomSPMonitor - Ω‚Œˆ◊™∑¢≈‰÷√Œƒº˛≥ˆ¥Ì!
org.jdom.input.JDOMParseException: Error on line 0: File "file:///E:/IDE Workspace/eclipse/UNICOM/productionConf.xml" not found.
	at org.jdom.input.SAXBuilder.build(SAXBuilder.java:504)
	at org.jdom.input.SAXBuilder.build(SAXBuilder.java:928)
	at com.tdt.unicom.sgip.svr.UnicomSPMonitor$ProductConfBean.<clinit>(UnicomSPMonitor.java:339)
	at java.lang.Class.forName0(Native Method)
	at java.lang.Class.forName(Class.java:169)
	at com.tdt.unicom.sgip.svr.UnicomSPMonitor.<init>(UnicomSPMonitor.java:59)
	at com.tdt.main.Main$launchUnicomSPMonitor.run(Main.java:37)
	at java.lang.Thread.run(Thread.java:619)
Caused by: org.xml.sax.SAXParseException: File "file:///E:/IDE Workspace/eclipse/UNICOM/productionConf.xml" not found.
	at org.apache.xerces.framework.XMLParser.reportError(XMLParser.java:1202)
	at org.apache.xerces.readers.DefaultEntityHandler.startReadingFromDocument(DefaultEntityHandler.java:512)
	at org.apache.xerces.framework.XMLParser.parseSomeSetup(XMLParser.java:312)
	at org.apache.xerces.framework.XMLParser.parse(XMLParser.java:1080)
	at org.jdom.input.SAXBuilder.build(SAXBuilder.java:489)
	... 7 more
Caused by: org.xml.sax.SAXParseException: File "file:///E:/IDE Workspace/eclipse/UNICOM/productionConf.xml" not found.
	at org.apache.xerces.framework.XMLParser.reportError(XMLParser.java:1202)
	at org.apache.xerces.readers.DefaultEntityHandler.startReadingFromDocument(DefaultEntityHandler.java:512)
	at org.apache.xerces.framework.XMLParser.parseSomeSetup(XMLParser.java:312)
	at org.apache.xerces.framework.XMLParser.parse(XMLParser.java:1080)
	at org.jdom.input.SAXBuilder.build(SAXBuilder.java:489)
	at org.jdom.input.SAXBuilder.build(SAXBuilder.java:928)
	at com.tdt.unicom.sgip.svr.UnicomSPMonitor$ProductConfBean.<clinit>(UnicomSPMonitor.java:339)
	at java.lang.Class.forName0(Native Method)
	at java.lang.Class.forName(Class.java:169)
	at com.tdt.unicom.sgip.svr.UnicomSPMonitor.<init>(UnicomSPMonitor.java:59)
	at com.tdt.main.Main$launchUnicomSPMonitor.run(Main.java:37)
	at java.lang.Thread.run(Thread.java:619)
