11-12-18 01:26:31 [INFO ] com.tdt.unicom.sgip.svr.UnicomSPMonitor - 操作系统名称:Windows XP,配置文件路径:E:\IDE Workspace\eclipse\UNICOM\productipconfig.xml
11-12-18 01:26:31 [INFO ] com.tdt.unicom.sgip.svr.SPSender - MT-thread-0等待任务
11-12-18 01:26:31 [INFO ] com.tdt.unicom.sgip.svr.SPSender - 【 MT下发线程启动，线程数:1 】
11-12-18 01:26:31 [INFO ] com.tdt.unicom.spsvr.ClientReqMonitor - 业务请求服务端启动,监听端口:8805
11-12-18 01:26:31 [INFO ] com.tdt.unicom.sgip.svr.UnicomSPMonitor - 配置联通SMG地址  127.0.0.1:8802
11-12-18 01:26:31 [INFO ] com.tdt.unicom.sgip.svr.UnicomSPMonitor - ***************** 加载转发配置  ********************
11-12-18 01:26:31 [INFO ] com.tdt.unicom.sgip.svr.UnicomSPMonitor - 产品名称:爱车无忧(短信版)
11-12-18 01:26:31 [INFO ] com.tdt.unicom.sgip.svr.UnicomSPMonitor - 服务商号:1062836516
11-12-18 01:26:31 [INFO ] com.tdt.unicom.sgip.svr.UnicomSPMonitor - 服务代码:DXAC
11-12-18 01:26:31 [INFO ] com.tdt.unicom.sgip.svr.UnicomSPMonitor - 转发地址:192.168.0.6:7750

11-12-18 01:26:31 [INFO ] com.tdt.unicom.sgip.svr.UnicomSPMonitor - 产品名称:爱车无忧(WEB版)
11-12-18 01:26:31 [INFO ] com.tdt.unicom.sgip.svr.UnicomSPMonitor - 服务商号:1062836516
11-12-18 01:26:31 [INFO ] com.tdt.unicom.sgip.svr.UnicomSPMonitor - 服务代码:WEBAC
11-12-18 01:26:31 [INFO ] com.tdt.unicom.sgip.svr.UnicomSPMonitor - 转发地址:192.168.0.6:7750

11-12-18 01:26:31 [INFO ] com.tdt.unicom.sgip.svr.UnicomSPMonitor - ***************** 转发配置结束  ********************
11-12-18 01:26:31 [INFO ] com.tdt.unicom.sgip.svr.UnicomSPMonitor - 本地unicom服务端启动,监听端口:8801
11-12-18 01:26:42 [INFO ] com.tdt.unicom.spsvr.ClientReqMonitor - New connection accepted/127.0.0.1:3084
11-12-18 01:27:03 [INFO ] com.tdt.unicom.spsvr.ClientReqMonitor - New connection accepted/127.0.0.1:3085
11-12-18 01:27:03 [INFO ] com.tdt.unicom.sgip.svr.SPSender - 收到MT下发请求，当前队列数:1
11-12-18 01:27:03 [INFO ] com.tdt.unicom.sgip.svr.SPSender - 【MT-thread-0获得一个短信下发请求实例】
11-12-18 01:27:03 [INFO ] com.tdt.unicom.sgip.svr.SPSender - MT-thread-0与SMG建立连接
11-12-18 01:27:03 [INFO ] com.tdt.unicom.domains.Bind - 【MT-thread-0发送SP Bind命令】,{长度=61,类型= 1,序列=305314121112180127031}
11-12-18 01:27:03 [INFO ] com.tdt.unicom.domains.Submit - 【MT-thread-0发送SP Submit命令】,{长度=188,类型= 3,序列=305314121112180127032}
11-12-18 01:27:03 [INFO ] com.tdt.unicom.sgip.svr.SPSender - 【MT-thread-0 发送的MT请求成功递交到SMG 】
11-12-18 01:27:03 [INFO ] com.tdt.unicom.sgip.svr.SPSender - MT-thread-0等待任务
11-12-18 01:27:03 [INFO ] com.tdt.unicom.sgip.svr.SPSender - 收到MT下发请求，当前队列数:1
11-12-18 01:27:03 [INFO ] com.tdt.unicom.sgip.svr.SPSender - 【MT-thread-0获得一个短信下发请求实例】
11-12-18 01:27:03 [INFO ] com.tdt.unicom.domains.Submit - 【MT-thread-0发送SP Submit命令】,{长度=188,类型= 3,序列=305314121112180127033}
11-12-18 01:27:03 [INFO ] com.tdt.unicom.sgip.svr.SPSender - 【MT-thread-0 发送的MT请求成功递交到SMG 】
11-12-18 01:27:03 [INFO ] com.tdt.unicom.sgip.svr.SPSender - MT-thread-0等待任务
11-12-18 01:27:34 [INFO ] com.tdt.unicom.domains.Unbind - 【pool-1-thread-1发送SP Unbind命令】,{长度=20,类型= 2,序列=305314121112180127344}
11-12-18 01:27:34 [INFO ] com.tdt.unicom.sgip.svr.SPSender - pool-1-thread-1 向SMG发送unbind命令
11-12-18 01:27:34 [INFO ] com.tdt.unicom.sgip.svr.SPSender - SMG收到unbind命令，SP关闭连接
11-12-18 01:28:42 [INFO ] com.tdt.unicom.sgip.svr.UnicomSPMonitor$Handler - New connection accepted from /127.0.0.1:3087
11-12-18 01:28:42 [INFO ] com.tdt.unicom.sgip.svr.UnicomSPMonitor$Handler - 【Thread-6收到SMG Bind命令】,{长度=61,类型= 1,序列=10531012180128425}
11-12-18 01:28:42 [INFO ] com.tdt.unicom.sgip.svr.UnicomSPMonitor$Handler - 收到SMG ->Bind命令
11-12-18 01:28:42 [INFO ] com.tdt.unicom.sgip.svr.UnicomSPMonitor$Handler - LoginType:2
11-12-18 01:28:42 [INFO ] com.tdt.unicom.sgip.svr.UnicomSPMonitor$Handler - LoginName:10628365
11-12-18 01:28:42 [INFO ] com.tdt.unicom.sgip.svr.UnicomSPMonitor$Handler - LoginPassword:10628365
11-12-18 01:28:42 [INFO ] com.tdt.unicom.domains.BindResp - 【Thread-6发送SP Bind_Resp命令】,{长度=29,类型= -2147483647,序列=10531012180128425}
11-12-18 01:28:42 [INFO ] com.tdt.unicom.sgip.svr.UnicomSPMonitor$Handler - 【Thread-6收到SMG Deliver命令】,{长度=81,类型= 4,序列=10531012180128426}
11-12-18 01:28:42 [INFO ] com.tdt.unicom.sgip.svr.UnicomSPMonitor$Handler - 收到SMG ->Deliver命令
11-12-18 01:28:42 [INFO ] com.tdt.unicom.sgip.svr.UnicomSPMonitor$Handler - SPNumber:8618721773206
11-12-18 01:28:42 [INFO ] com.tdt.unicom.sgip.svr.UnicomSPMonitor$Handler - UserNumber:8618721773206
11-12-18 01:28:42 [INFO ] com.tdt.unicom.sgip.svr.UnicomSPMonitor$Handler - MessageContent:test
11-12-18 01:28:42 [INFO ] com.tdt.unicom.sgip.svr.UnicomSPMonitor$Handler - LinkID:aaaaaaaa
11-12-18 01:28:42 [INFO ] com.tdt.unicom.domains.DeliverResp - 【Thread-6发送SP Deliver_Resp命令】,{长度=29,类型= -2147483644,序列=10531012180128426}
11-12-18 01:29:06 [INFO ] com.tdt.unicom.sgip.svr.UnicomSPMonitor$Handler - 【Thread-6收到SMG Bind命令】,{长度=61,类型= 1,序列=10531012180129067}
11-12-18 01:29:06 [INFO ] com.tdt.unicom.sgip.svr.UnicomSPMonitor$Handler - 收到SMG ->Bind命令
11-12-18 01:29:06 [INFO ] com.tdt.unicom.sgip.svr.UnicomSPMonitor$Handler - LoginType:2
11-12-18 01:29:06 [INFO ] com.tdt.unicom.sgip.svr.UnicomSPMonitor$Handler - LoginName:10628365
11-12-18 01:29:06 [INFO ] com.tdt.unicom.sgip.svr.UnicomSPMonitor$Handler - LoginPassword:10628365
11-12-18 01:29:06 [INFO ] com.tdt.unicom.domains.BindResp - 【Thread-6发送SP Bind_Resp命令】,{长度=29,类型= -2147483647,序列=10531012180129067}
11-12-18 01:29:06 [INFO ] com.tdt.unicom.sgip.svr.UnicomSPMonitor$Handler - 【Thread-6收到SMG Deliver命令】,{长度=81,类型= 4,序列=10531012180129068}
11-12-18 01:29:06 [INFO ] com.tdt.unicom.sgip.svr.UnicomSPMonitor$Handler - 收到SMG ->Deliver命令
11-12-18 01:29:06 [INFO ] com.tdt.unicom.sgip.svr.UnicomSPMonitor$Handler - SPNumber:8618721773206
11-12-18 01:29:06 [INFO ] com.tdt.unicom.sgip.svr.UnicomSPMonitor$Handler - UserNumber:8618721773206
11-12-18 01:29:06 [INFO ] com.tdt.unicom.sgip.svr.UnicomSPMonitor$Handler - MessageContent:test
11-12-18 01:29:06 [INFO ] com.tdt.unicom.sgip.svr.UnicomSPMonitor$Handler - LinkID:aaaaaaaa
11-12-18 01:29:06 [INFO ] com.tdt.unicom.domains.DeliverResp - 【Thread-6发送SP Deliver_Resp命令】,{长度=29,类型= -2147483644,序列=10531012180129068}
11-12-18 01:29:07 [INFO ] com.tdt.unicom.sgip.svr.UnicomSPMonitor$Handler - 【Thread-6收到SMG Bind命令】,{长度=61,类型= 1,序列=10531012180129079}
11-12-18 01:29:07 [INFO ] com.tdt.unicom.sgip.svr.UnicomSPMonitor$Handler - 收到SMG ->Bind命令
11-12-18 01:29:07 [INFO ] com.tdt.unicom.sgip.svr.UnicomSPMonitor$Handler - LoginType:2
11-12-18 01:29:07 [INFO ] com.tdt.unicom.sgip.svr.UnicomSPMonitor$Handler - LoginName:10628365
11-12-18 01:29:07 [INFO ] com.tdt.unicom.sgip.svr.UnicomSPMonitor$Handler - LoginPassword:10628365
11-12-18 01:29:07 [INFO ] com.tdt.unicom.domains.BindResp - 【Thread-6发送SP Bind_Resp命令】,{长度=29,类型= -2147483647,序列=10531012180129079}
11-12-18 01:29:07 [INFO ] com.tdt.unicom.sgip.svr.UnicomSPMonitor$Handler - 【Thread-6收到SMG Deliver命令】,{长度=81,类型= 4,序列=105310121801290710}
11-12-18 01:29:07 [INFO ] com.tdt.unicom.sgip.svr.UnicomSPMonitor$Handler - 收到SMG ->Deliver命令
11-12-18 01:29:07 [INFO ] com.tdt.unicom.sgip.svr.UnicomSPMonitor$Handler - SPNumber:8618721773206
11-12-18 01:29:07 [INFO ] com.tdt.unicom.sgip.svr.UnicomSPMonitor$Handler - UserNumber:8618721773206
11-12-18 01:29:07 [INFO ] com.tdt.unicom.sgip.svr.UnicomSPMonitor$Handler - MessageContent:test
11-12-18 01:29:07 [INFO ] com.tdt.unicom.sgip.svr.UnicomSPMonitor$Handler - LinkID:aaaaaaaa
11-12-18 01:29:07 [INFO ] com.tdt.unicom.domains.DeliverResp - 【Thread-6发送SP Deliver_Resp命令】,{长度=29,类型= -2147483644,序列=105310121801290710}
11-12-18 01:29:08 [INFO ] com.tdt.unicom.sgip.svr.UnicomSPMonitor$Handler - 【Thread-6收到SMG Bind命令】,{长度=61,类型= 1,序列=105310121801290811}
11-12-18 01:29:08 [INFO ] com.tdt.unicom.sgip.svr.UnicomSPMonitor$Handler - 收到SMG ->Bind命令
11-12-18 01:29:08 [INFO ] com.tdt.unicom.sgip.svr.UnicomSPMonitor$Handler - LoginType:2
11-12-18 01:29:08 [INFO ] com.tdt.unicom.sgip.svr.UnicomSPMonitor$Handler - LoginName:10628365
11-12-18 01:29:08 [INFO ] com.tdt.unicom.sgip.svr.UnicomSPMonitor$Handler - LoginPassword:10628365
11-12-18 01:29:08 [INFO ] com.tdt.unicom.domains.BindResp - 【Thread-6发送SP Bind_Resp命令】,{长度=29,类型= -2147483647,序列=105310121801290811}
11-12-18 01:29:08 [INFO ] com.tdt.unicom.sgip.svr.UnicomSPMonitor$Handler - 【Thread-6收到SMG Deliver命令】,{长度=81,类型= 4,序列=105310121801290812}
11-12-18 01:29:08 [INFO ] com.tdt.unicom.sgip.svr.UnicomSPMonitor$Handler - 收到SMG ->Deliver命令
11-12-18 01:29:08 [INFO ] com.tdt.unicom.sgip.svr.UnicomSPMonitor$Handler - SPNumber:8618721773206
11-12-18 01:29:08 [INFO ] com.tdt.unicom.sgip.svr.UnicomSPMonitor$Handler - UserNumber:8618721773206
11-12-18 01:29:08 [INFO ] com.tdt.unicom.sgip.svr.UnicomSPMonitor$Handler - MessageContent:test
11-12-18 01:29:08 [INFO ] com.tdt.unicom.sgip.svr.UnicomSPMonitor$Handler - LinkID:aaaaaaaa
11-12-18 01:29:08 [INFO ] com.tdt.unicom.domains.DeliverResp - 【Thread-6发送SP Deliver_Resp命令】,{长度=29,类型= -2147483644,序列=105310121801290812}
11-12-18 01:29:33 [INFO ] com.tdt.unicom.sgip.svr.UnicomSPMonitor$Handler - 【Thread-6收到SMG Report命令】,{长度=64,类型= 5,序列=105310121801293313}
11-12-18 01:29:33 [INFO ] com.tdt.unicom.sgip.svr.UnicomSPMonitor$Handler - 收到SMG ->Report命令
11-12-18 01:29:33 [INFO ] com.tdt.unicom.sgip.svr.UnicomSPMonitor$Handler - ReportType:0
11-12-18 01:29:33 [INFO ] com.tdt.unicom.sgip.svr.UnicomSPMonitor$Handler - UserNumber:8618721773206
11-12-18 01:29:33 [INFO ] com.tdt.unicom.sgip.svr.UnicomSPMonitor$Handler - State:0
11-12-18 01:29:33 [INFO ] com.tdt.unicom.sgip.svr.UnicomSPMonitor$Handler - ErrorCode:0
11-12-18 01:29:33 [INFO ] com.tdt.unicom.domains.ReportResp - 【Thread-6发送SP Report_Resp命令】,{长度=29,类型= -2147483643,序列=105310121801293313}
11-12-18 01:29:56 [INFO ] com.tdt.unicom.sgip.svr.UnicomSPMonitor$Handler - SMG与SP通信结束,链路关闭.

11-12-18 01:32:40 [INFO ] com.tdt.unicom.sgip.svr.UnicomSPMonitor - 操作系统名称:Windows XP,配置文件路径:E:\IDE Workspace\eclipse\UNICOM\productipconfig.xml
11-12-18 01:32:40 [INFO ] com.tdt.unicom.sgip.svr.SPSender - MT-thread-0等待任务
11-12-18 01:32:40 [INFO ] com.tdt.unicom.sgip.svr.SPSender - 【 MT下发线程启动，线程数:1 】
11-12-18 01:32:40 [INFO ] com.tdt.unicom.spsvr.ClientReqMonitor - 业务请求服务端启动,监听端口:8805
11-12-18 01:32:40 [INFO ] com.tdt.unicom.sgip.svr.UnicomSPMonitor - 配置联通SMG地址  127.0.0.1:8802
11-12-18 01:32:40 [INFO ] com.tdt.unicom.sgip.svr.UnicomSPMonitor - ***************** 加载转发配置  ********************
11-12-18 01:32:40 [INFO ] com.tdt.unicom.sgip.svr.UnicomSPMonitor - 产品名称:爱车无忧(短信版)
11-12-18 01:32:40 [INFO ] com.tdt.unicom.sgip.svr.UnicomSPMonitor - 服务商号:1062836516
11-12-18 01:32:40 [INFO ] com.tdt.unicom.sgip.svr.UnicomSPMonitor - 服务代码:DXAC
11-12-18 01:32:40 [INFO ] com.tdt.unicom.sgip.svr.UnicomSPMonitor - 转发地址:192.168.0.6:7750

11-12-18 01:32:40 [INFO ] com.tdt.unicom.sgip.svr.UnicomSPMonitor - 产品名称:爱车无忧(WEB版)
11-12-18 01:32:40 [INFO ] com.tdt.unicom.sgip.svr.UnicomSPMonitor - 服务商号:1062836516
11-12-18 01:32:40 [INFO ] com.tdt.unicom.sgip.svr.UnicomSPMonitor - 服务代码:WEBAC
11-12-18 01:32:40 [INFO ] com.tdt.unicom.sgip.svr.UnicomSPMonitor - 转发地址:192.168.0.6:7750

11-12-18 01:32:40 [INFO ] com.tdt.unicom.sgip.svr.UnicomSPMonitor - ***************** 转发配置结束  ********************
11-12-18 01:32:40 [INFO ] com.tdt.unicom.sgip.svr.UnicomSPMonitor - 本地unicom服务端启动,监听端口:8801
11-12-18 01:32:43 [INFO ] com.tdt.unicom.spsvr.ClientReqMonitor - New connection accepted/127.0.0.1:3089
11-12-18 01:32:43 [INFO ] com.tdt.unicom.sgip.svr.SPSender - 收到MT下发请求，当前队列数:1
11-12-18 01:32:43 [INFO ] com.tdt.unicom.sgip.svr.SPSender - 【MT-thread-0获得一个短信下发请求实例】
11-12-18 01:32:43 [INFO ] com.tdt.unicom.sgip.svr.SPSender - MT-thread-0与SMG建立连接
11-12-18 01:32:43 [INFO ] com.tdt.unicom.domains.Bind - 【MT-thread-0发送SP Bind命令】,{长度=61,类型= 1,序列=305314121112180132431}
11-12-18 01:32:43 [INFO ] com.tdt.unicom.domains.Submit - 【MT-thread-0发送SP Submit命令】,{长度=188,类型= 3,序列=305314121112180132432}
11-12-18 01:32:43 [INFO ] com.tdt.unicom.sgip.svr.SPSender - 【MT-thread-0 发送的MT请求成功递交到SMG 】
11-12-18 01:32:43 [INFO ] com.tdt.unicom.sgip.svr.SPSender - MT-thread-0等待任务
11-12-18 01:32:43 [INFO ] com.tdt.unicom.sgip.svr.SPSender - 收到MT下发请求，当前队列数:1
11-12-18 01:32:43 [INFO ] com.tdt.unicom.sgip.svr.SPSender - 【MT-thread-0获得一个短信下发请求实例】
11-12-18 01:32:43 [INFO ] com.tdt.unicom.domains.Submit - 【MT-thread-0发送SP Submit命令】,{长度=188,类型= 3,序列=305314121112180132433}
11-12-18 01:32:43 [INFO ] com.tdt.unicom.sgip.svr.SPSender - 【MT-thread-0 发送的MT请求成功递交到SMG 】
11-12-18 01:32:43 [INFO ] com.tdt.unicom.sgip.svr.SPSender - MT-thread-0等待任务
11-12-18 01:32:47 [INFO ] com.tdt.unicom.sgip.svr.UnicomSPMonitor$Handler - New connection accepted from /127.0.0.1:3091
11-12-18 01:32:47 [INFO ] com.tdt.unicom.sgip.svr.UnicomSPMonitor$Handler - 【Thread-5收到SMG Unbind命令】,{长度=20,类型= 2,序列=10531012180132474}
11-12-18 01:32:47 [INFO ] com.tdt.unicom.sgip.svr.UnicomSPMonitor$Handler - 收到SMG ->Unbind命令
11-12-18 01:32:47 [INFO ] com.tdt.unicom.domains.UnbindResp - 【Thread-5发送SP Unbind_Resp命令】,{长度=20,类型= -2147483646,序列=10531012180132474}
11-12-18 01:32:47 [INFO ] com.tdt.unicom.sgip.svr.UnicomSPMonitor$Handler - SMG与SP通信结束,链路关闭.

11-12-18 01:32:49 [INFO ] com.tdt.unicom.sgip.svr.UnicomSPMonitor$Handler - New connection accepted from /127.0.0.1:3092
11-12-18 01:32:49 [INFO ] com.tdt.unicom.sgip.svr.UnicomSPMonitor$Handler - 【Thread-6收到SMG Unbind命令】,{长度=20,类型= 2,序列=10531012180132495}
11-12-18 01:32:49 [INFO ] com.tdt.unicom.sgip.svr.UnicomSPMonitor$Handler - 收到SMG ->Unbind命令
11-12-18 01:32:49 [INFO ] com.tdt.unicom.domains.UnbindResp - 【Thread-6发送SP Unbind_Resp命令】,{长度=20,类型= -2147483646,序列=10531012180132495}
11-12-18 01:32:49 [INFO ] com.tdt.unicom.sgip.svr.UnicomSPMonitor$Handler - SMG与SP通信结束,链路关闭.

11-12-18 01:32:50 [INFO ] com.tdt.unicom.sgip.svr.UnicomSPMonitor$Handler - New connection accepted from /127.0.0.1:3093
11-12-18 01:32:50 [INFO ] com.tdt.unicom.sgip.svr.UnicomSPMonitor$Handler - 【Thread-7收到SMG Unbind命令】,{长度=20,类型= 2,序列=10531012180132506}
11-12-18 01:32:50 [INFO ] com.tdt.unicom.sgip.svr.UnicomSPMonitor$Handler - 收到SMG ->Unbind命令
11-12-18 01:32:50 [INFO ] com.tdt.unicom.domains.UnbindResp - 【Thread-7发送SP Unbind_Resp命令】,{长度=20,类型= -2147483646,序列=10531012180132506}
11-12-18 01:32:50 [INFO ] com.tdt.unicom.sgip.svr.UnicomSPMonitor$Handler - SMG与SP通信结束,链路关闭.

11-12-18 01:32:51 [INFO ] com.tdt.unicom.sgip.svr.UnicomSPMonitor$Handler - New connection accepted from /127.0.0.1:3094
11-12-18 01:32:51 [INFO ] com.tdt.unicom.sgip.svr.UnicomSPMonitor$Handler - 【Thread-8收到SMG Unbind命令】,{长度=20,类型= 2,序列=10531012180132517}
11-12-18 01:32:51 [INFO ] com.tdt.unicom.sgip.svr.UnicomSPMonitor$Handler - 收到SMG ->Unbind命令
11-12-18 01:32:51 [INFO ] com.tdt.unicom.domains.UnbindResp - 【Thread-8发送SP Unbind_Resp命令】,{长度=20,类型= -2147483646,序列=10531012180132517}
11-12-18 01:32:51 [INFO ] com.tdt.unicom.sgip.svr.UnicomSPMonitor$Handler - SMG与SP通信结束,链路关闭.

11-12-18 01:32:51 [INFO ] com.tdt.unicom.sgip.svr.UnicomSPMonitor$Handler - New connection accepted from /127.0.0.1:3095
11-12-18 01:32:51 [INFO ] com.tdt.unicom.sgip.svr.UnicomSPMonitor$Handler - 【Thread-9收到SMG Unbind命令】,{长度=20,类型= 2,序列=10531012180132518}
11-12-18 01:32:51 [INFO ] com.tdt.unicom.sgip.svr.UnicomSPMonitor$Handler - 收到SMG ->Unbind命令
11-12-18 01:32:51 [INFO ] com.tdt.unicom.domains.UnbindResp - 【Thread-9发送SP Unbind_Resp命令】,{长度=20,类型= -2147483646,序列=10531012180132518}
11-12-18 01:32:51 [INFO ] com.tdt.unicom.sgip.svr.UnicomSPMonitor$Handler - SMG与SP通信结束,链路关闭.

11-12-18 01:32:51 [INFO ] com.tdt.unicom.sgip.svr.UnicomSPMonitor$Handler - New connection accepted from /127.0.0.1:3096
11-12-18 01:32:51 [INFO ] com.tdt.unicom.sgip.svr.UnicomSPMonitor$Handler - 【Thread-10收到SMG Unbind命令】,{长度=20,类型= 2,序列=10531012180132519}
11-12-18 01:32:51 [INFO ] com.tdt.unicom.sgip.svr.UnicomSPMonitor$Handler - 收到SMG ->Unbind命令
11-12-18 01:32:51 [INFO ] com.tdt.unicom.domains.UnbindResp - 【Thread-10发送SP Unbind_Resp命令】,{长度=20,类型= -2147483646,序列=10531012180132519}
11-12-18 01:32:51 [INFO ] com.tdt.unicom.sgip.svr.UnicomSPMonitor$Handler - SMG与SP通信结束,链路关闭.

11-12-18 01:32:51 [INFO ] com.tdt.unicom.sgip.svr.UnicomSPMonitor$Handler - New connection accepted from /127.0.0.1:3097
11-12-18 01:32:51 [INFO ] com.tdt.unicom.sgip.svr.UnicomSPMonitor$Handler - 【Thread-11收到SMG Unbind命令】,{长度=20,类型= 2,序列=105310121801325110}
11-12-18 01:32:51 [INFO ] com.tdt.unicom.sgip.svr.UnicomSPMonitor$Handler - 收到SMG ->Unbind命令
11-12-18 01:32:51 [INFO ] com.tdt.unicom.domains.UnbindResp - 【Thread-11发送SP Unbind_Resp命令】,{长度=20,类型= -2147483646,序列=105310121801325110}
11-12-18 01:32:51 [INFO ] com.tdt.unicom.sgip.svr.UnicomSPMonitor$Handler - SMG与SP通信结束,链路关闭.

11-12-18 01:32:52 [INFO ] com.tdt.unicom.sgip.svr.UnicomSPMonitor$Handler - New connection accepted from /127.0.0.1:3098
11-12-18 01:32:52 [INFO ] com.tdt.unicom.sgip.svr.UnicomSPMonitor$Handler - 【Thread-12收到SMG Unbind命令】,{长度=20,类型= 2,序列=105310121801325211}
11-12-18 01:32:52 [INFO ] com.tdt.unicom.sgip.svr.UnicomSPMonitor$Handler - 收到SMG ->Unbind命令
11-12-18 01:32:52 [INFO ] com.tdt.unicom.domains.UnbindResp - 【Thread-12发送SP Unbind_Resp命令】,{长度=20,类型= -2147483646,序列=105310121801325211}
11-12-18 01:32:52 [INFO ] com.tdt.unicom.sgip.svr.UnicomSPMonitor$Handler - SMG与SP通信结束,链路关闭.

11-12-18 01:32:52 [INFO ] com.tdt.unicom.sgip.svr.UnicomSPMonitor$Handler - New connection accepted from /127.0.0.1:3099
11-12-18 01:32:52 [INFO ] com.tdt.unicom.sgip.svr.UnicomSPMonitor$Handler - 【Thread-13收到SMG Unbind命令】,{长度=20,类型= 2,序列=105310121801325212}
11-12-18 01:32:52 [INFO ] com.tdt.unicom.sgip.svr.UnicomSPMonitor$Handler - 收到SMG ->Unbind命令
11-12-18 01:32:52 [INFO ] com.tdt.unicom.domains.UnbindResp - 【Thread-13发送SP Unbind_Resp命令】,{长度=20,类型= -2147483646,序列=105310121801325212}
11-12-18 01:32:52 [INFO ] com.tdt.unicom.sgip.svr.UnicomSPMonitor$Handler - SMG与SP通信结束,链路关闭.

11-12-18 01:32:52 [INFO ] com.tdt.unicom.sgip.svr.UnicomSPMonitor$Handler - New connection accepted from /127.0.0.1:3100
11-12-18 01:32:52 [INFO ] com.tdt.unicom.sgip.svr.UnicomSPMonitor$Handler - 【Thread-14收到SMG Unbind命令】,{长度=20,类型= 2,序列=105310121801325213}
11-12-18 01:32:52 [INFO ] com.tdt.unicom.sgip.svr.UnicomSPMonitor$Handler - 收到SMG ->Unbind命令
11-12-18 01:32:52 [INFO ] com.tdt.unicom.domains.UnbindResp - 【Thread-14发送SP Unbind_Resp命令】,{长度=20,类型= -2147483646,序列=105310121801325213}
11-12-18 01:32:52 [INFO ] com.tdt.unicom.sgip.svr.UnicomSPMonitor$Handler - SMG与SP通信结束,链路关闭.

11-12-18 01:32:52 [INFO ] com.tdt.unicom.sgip.svr.UnicomSPMonitor$Handler - New connection accepted from /127.0.0.1:3101
11-12-18 01:32:52 [INFO ] com.tdt.unicom.sgip.svr.UnicomSPMonitor$Handler - 【Thread-15收到SMG Unbind命令】,{长度=20,类型= 2,序列=105310121801325214}
11-12-18 01:32:52 [INFO ] com.tdt.unicom.sgip.svr.UnicomSPMonitor$Handler - 收到SMG ->Unbind命令
11-12-18 01:32:52 [INFO ] com.tdt.unicom.domains.UnbindResp - 【Thread-15发送SP Unbind_Resp命令】,{长度=20,类型= -2147483646,序列=105310121801325214}
11-12-18 01:32:52 [INFO ] com.tdt.unicom.sgip.svr.UnicomSPMonitor$Handler - SMG与SP通信结束,链路关闭.

11-12-18 01:32:52 [INFO ] com.tdt.unicom.sgip.svr.UnicomSPMonitor$Handler - New connection accepted from /127.0.0.1:3102
11-12-18 01:32:52 [INFO ] com.tdt.unicom.sgip.svr.UnicomSPMonitor$Handler - 【Thread-16收到SMG Unbind命令】,{长度=20,类型= 2,序列=105310121801325215}
11-12-18 01:32:52 [INFO ] com.tdt.unicom.sgip.svr.UnicomSPMonitor$Handler - 收到SMG ->Unbind命令
11-12-18 01:32:52 [INFO ] com.tdt.unicom.domains.UnbindResp - 【Thread-16发送SP Unbind_Resp命令】,{长度=20,类型= -2147483646,序列=105310121801325215}
11-12-18 01:32:52 [INFO ] com.tdt.unicom.sgip.svr.UnicomSPMonitor$Handler - SMG与SP通信结束,链路关闭.

11-12-18 01:32:54 [INFO ] com.tdt.unicom.sgip.svr.UnicomSPMonitor$Handler - New connection accepted from /127.0.0.1:3103
11-12-18 01:32:54 [INFO ] com.tdt.unicom.sgip.svr.UnicomSPMonitor$Handler - 【Thread-17收到SMG Unbind命令】,{长度=20,类型= 2,序列=105310121801325416}
11-12-18 01:32:54 [INFO ] com.tdt.unicom.sgip.svr.UnicomSPMonitor$Handler - 收到SMG ->Unbind命令
11-12-18 01:32:54 [INFO ] com.tdt.unicom.domains.UnbindResp - 【Thread-17发送SP Unbind_Resp命令】,{长度=20,类型= -2147483646,序列=105310121801325416}
11-12-18 01:32:54 [INFO ] com.tdt.unicom.sgip.svr.UnicomSPMonitor$Handler - SMG与SP通信结束,链路关闭.

11-12-18 01:32:55 [INFO ] com.tdt.unicom.sgip.svr.UnicomSPMonitor$Handler - New connection accepted from /127.0.0.1:3104
11-12-18 01:32:55 [INFO ] com.tdt.unicom.sgip.svr.UnicomSPMonitor$Handler - 【Thread-18收到SMG Unbind命令】,{长度=20,类型= 2,序列=105310121801325517}
11-12-18 01:32:55 [INFO ] com.tdt.unicom.sgip.svr.UnicomSPMonitor$Handler - 收到SMG ->Unbind命令
11-12-18 01:32:55 [INFO ] com.tdt.unicom.domains.UnbindResp - 【Thread-18发送SP Unbind_Resp命令】,{长度=20,类型= -2147483646,序列=105310121801325517}
11-12-18 01:32:55 [INFO ] com.tdt.unicom.sgip.svr.UnicomSPMonitor$Handler - SMG与SP通信结束,链路关闭.

11-12-18 01:32:55 [INFO ] com.tdt.unicom.sgip.svr.UnicomSPMonitor$Handler - New connection accepted from /127.0.0.1:3105
11-12-18 01:32:55 [INFO ] com.tdt.unicom.sgip.svr.UnicomSPMonitor$Handler - 【Thread-19收到SMG Unbind命令】,{长度=20,类型= 2,序列=105310121801325518}
11-12-18 01:32:55 [INFO ] com.tdt.unicom.sgip.svr.UnicomSPMonitor$Handler - 收到SMG ->Unbind命令
11-12-18 01:32:55 [INFO ] com.tdt.unicom.domains.UnbindResp - 【Thread-19发送SP Unbind_Resp命令】,{长度=20,类型= -2147483646,序列=105310121801325518}
11-12-18 01:32:55 [INFO ] com.tdt.unicom.sgip.svr.UnicomSPMonitor$Handler - SMG与SP通信结束,链路关闭.

11-12-18 01:32:58 [INFO ] com.tdt.unicom.sgip.svr.UnicomSPMonitor$Handler - New connection accepted from /127.0.0.1:3106
11-12-18 01:32:58 [INFO ] com.tdt.unicom.sgip.svr.UnicomSPMonitor$Handler - 【Thread-20收到SMG Bind命令】,{长度=61,类型= 1,序列=105310121801325819}
11-12-18 01:32:58 [INFO ] com.tdt.unicom.sgip.svr.UnicomSPMonitor$Handler - 收到SMG ->Bind命令
11-12-18 01:32:58 [INFO ] com.tdt.unicom.sgip.svr.UnicomSPMonitor$Handler - LoginType:2
11-12-18 01:32:58 [INFO ] com.tdt.unicom.sgip.svr.UnicomSPMonitor$Handler - LoginName:tdtlbs
11-12-18 01:32:58 [INFO ] com.tdt.unicom.sgip.svr.UnicomSPMonitor$Handler - LoginPassword:tdtlbs
11-12-18 01:32:58 [INFO ] com.tdt.unicom.domains.BindResp - 【Thread-20发送SP Bind_Resp命令】,{长度=29,类型= -2147483647,序列=105310121801325819}
11-12-18 01:33:14 [INFO ] com.tdt.unicom.domains.Unbind - 【pool-1-thread-1发送SP Unbind命令】,{长度=20,类型= 2,序列=3053141211121801331420}
11-12-18 01:33:14 [INFO ] com.tdt.unicom.sgip.svr.SPSender - pool-1-thread-1 向SMG发送unbind命令
11-12-18 01:33:14 [INFO ] com.tdt.unicom.sgip.svr.SPSender - SMG收到unbind命令，SP关闭连接
